\BOOKMARK [0][-]{chapter*.4}{\376\377\000L\000i\000s\000t\000\040\000o\000f\000\040\000F\000i\000g\000u\000r\000e\000s}{}% 1
\BOOKMARK [0][-]{chapter*.5}{\376\377\000L\000i\000s\000t\000\040\000o\000f\000\040\000T\000a\000b\000l\000e\000s}{}% 2
\BOOKMARK [0][-]{chapter.1}{\376\377\000I\000n\000t\000r\000o\000d\000u\000c\000t\000i\000o\000n}{}% 3
\BOOKMARK [1][-]{section.1.1}{\376\377\000O\000v\000e\000r\000v\000i\000e\000w\000\040\000o\000f\000\040\000N\000e\000u\000t\000r\000o\000n\000\040\000H\000a\000l\000o\000\040\000N\000u\000c\000l\000e\000i}{chapter.1}% 4
\BOOKMARK [1][-]{section.1.2}{\376\377\000T\000h\000e\000\040\000H\000a\000l\000o\000\040\000S\000t\000r\000u\000c\000t\000u\000r\000e\000\040\000o\000f\000\040\0001\0007\000B}{chapter.1}% 5
\BOOKMARK [0][-]{chapter.2}{\376\377\000M\000e\000t\000h\000o\000d\000s}{}% 6
\BOOKMARK [1][-]{section.2.1}{\376\377\000C\000o\000u\000l\000o\000m\000b\000\040\000D\000i\000s\000s\000o\000c\000i\000a\000t\000i\000o\000n}{chapter.2}% 7
\BOOKMARK [2][-]{subsection.2.1.1}{\376\377\000E\000q\000u\000i\000v\000a\000l\000e\000n\000t\000\040\000P\000h\000o\000t\000o\000n\000\040\000M\000e\000t\000h\000o\000d}{section.2.1}% 8
\BOOKMARK [2][-]{subsection.2.1.2}{\376\377\000G\000e\000o\000m\000e\000t\000r\000y\000\040\000o\000f\000\040\000T\000w\000o\000\040\000N\000e\000u\000t\000r\000o\000n\000\040\000H\000a\000l\000o\000\040\000a\000n\000d\000\040\000D\000i\000n\000e\000u\000t\000r\000o\000n\000\040\000C\000o\000r\000r\000e\000l\000a\000t\000i\000o\000n}{section.2.1}% 9
\BOOKMARK [1][-]{section.2.2}{\376\377\000C\000o\000n\000t\000r\000i\000b\000u\000t\000i\000o\000n\000\040\000o\000f\000\040\000N\000u\000c\000l\000e\000a\000r\000\040\000B\000r\000e\000a\000k\000u\000p}{chapter.2}% 10
\BOOKMARK [1][-]{section.2.3}{\376\377\000I\000n\000v\000a\000r\000i\000a\000n\000t\000\040\000M\000a\000s\000s\000\040\000M\000e\000t\000h\000o\000d}{chapter.2}% 11
\BOOKMARK [0][-]{chapter.3}{\376\377\000E\000x\000p\000e\000r\000i\000m\000e\000n\000t}{}% 12
\BOOKMARK [1][-]{section.3.1}{\376\377\000B\000e\000a\000m\000\040\000I\000n\000f\000o\000r\000m\000a\000t\000i\000o\000n}{chapter.3}% 13
\BOOKMARK [1][-]{section.3.2}{\376\377\000B\000i\000g\000R\000I\000P\000S\000\040\000s\000e\000p\000a\000r\000a\000t\000o\000r}{chapter.3}% 14
\BOOKMARK [2][-]{subsection.3.2.1}{\376\377\000P\000l\000a\000s\000t\000i\000c\000\040\000S\000c\000i\000n\000t\000i\000l\000l\000a\000t\000o\000r}{section.3.2}% 15
\BOOKMARK [1][-]{section.3.3}{\376\377\000S\000A\000M\000U\000R\000A\000I}{chapter.3}% 16
\BOOKMARK [2][-]{subsection.3.3.1}{\376\377\000B\000P\000C\000\040\000\050\000B\000e\000a\000m\000\040\000P\000r\000o\000p\000o\000r\000t\000i\000o\000n\000a\000l\000\040\000C\000h\000a\000m\000b\000e\000r\000\051}{section.3.3}% 17
\BOOKMARK [2][-]{subsection.3.3.2}{\376\377\000I\000C\000B\000\040\000\050\000I\000o\000n\000\040\000C\000h\000a\000m\000b\000e\000r\000\040\000f\000o\000r\000\040\000B\000e\000a\000m\000\051}{section.3.3}% 18
\BOOKMARK [2][-]{subsection.3.3.3}{\376\377\000B\000D\000C\0001\000,\000\040\000B\000D\000C\0002\000\040\000\050\000B\000e\000a\000m\000\040\000D\000r\000i\000f\000t\000\040\000C\000h\000a\000m\000b\000e\000r\000\051}{section.3.3}% 19
\BOOKMARK [2][-]{subsection.3.3.4}{\376\377\000D\000A\000L\000I\0002}{section.3.3}% 20
\BOOKMARK [2][-]{subsection.3.3.5}{\376\377\000S\000A\000M\000U\000R\000A\000I\000\040\000M\000a\000g\000n\000e\000t}{section.3.3}% 21
\BOOKMARK [2][-]{subsection.3.3.6}{\376\377\000F\000D\000C\0001\000,\000\040\000F\000D\000C\0002\000\040\000\050\000F\000o\000r\000w\000a\000r\000d\000\040\000D\000r\000i\000f\000t\000\040\000C\000h\000a\000m\000b\000e\000r\000\051}{section.3.3}% 22
\BOOKMARK [2][-]{subsection.3.3.7}{\376\377\000H\000O\000D\000F\000\040\000\050\000H\000O\000D\000o\000s\000c\000o\000p\000e\000\040\000f\000o\000r\000\040\000F\000r\000a\000g\000m\000e\000n\000t\000\051}{section.3.3}% 23
\BOOKMARK [2][-]{subsection.3.3.8}{\376\377\000N\000E\000B\000U\000L\000A}{section.3.3}% 24
\BOOKMARK [2][-]{subsection.3.3.9}{\376\377\000G\000e\000o\000m\000e\000t\000r\000y\000\040\000I\000n\000f\000o\000r\000m\000a\000t\000i\000o\000n\000\040\000o\000f\000\040\000S\000A\000M\000U\000R\000A\000I\000\040\000S\000e\000t\000u\000p}{section.3.3}% 25
\BOOKMARK [1][-]{section.3.4}{\376\377\000R\000u\000n\000\040\000S\000u\000m\000m\000a\000r\000y}{chapter.3}% 26
\BOOKMARK [1][-]{section.3.5}{\376\377\000E\000l\000e\000c\000t\000r\000o\000n\000i\000c\000s}{chapter.3}% 27
\BOOKMARK [2][-]{subsection.3.5.1}{\376\377\000D\000a\000t\000a\000\040\000A\000c\000q\000u\000i\000s\000i\000t\000i\000o\000n\000\040\000S\000y\000s\000t\000e\000m\000\040\000a\000n\000d\000\040\000T\000r\000i\000g\000g\000e\000r\000\040\000c\000o\000n\000d\000i\000t\000i\000o\000n}{section.3.5}% 28
\BOOKMARK [2][-]{subsection.3.5.2}{\376\377\000L\000i\000v\000e\000\040\000T\000i\000m\000e}{section.3.5}% 29
\BOOKMARK [0][-]{chapter.4}{\376\377\000D\000a\000t\000a\000\040\000A\000n\000a\000l\000y\000s\000i\000s}{}% 30
\BOOKMARK [1][-]{section.4.1}{\376\377\000S\000e\000c\000o\000n\000d\000a\000r\000y\000\040\000B\000e\000a\000m\000\040\000P\000a\000r\000t\000i\000c\000l\000e\000\040\000I\000d\000e\000n\000t\000i\000f\000i\000c\000a\000t\000i\000o\000n}{chapter.4}% 31
\BOOKMARK [2][-]{subsection.4.1.1}{\376\377\000T\000i\000m\000e\000\040\000o\000f\000\040\000F\000l\000i\000g\000h\000t}{section.4.1}% 32
\BOOKMARK [2][-]{subsection.4.1.2}{\376\377\000M\000a\000g\000n\000e\000t\000i\000c\000\040\000R\000i\000g\000i\000d\000i\000t\000y}{section.4.1}% 33
\BOOKMARK [2][-]{subsection.4.1.3}{\376\377\000E\000n\000e\000r\000g\000y\000\040\000L\000o\000s\000s}{section.4.1}% 34
\BOOKMARK [2][-]{subsection.4.1.4}{\376\377\000B\000e\000a\000m\000\040\000P\000a\000r\000t\000i\000c\000l\000e\000\040\000I\000d\000e\000n\000t\000i\000f\000i\000c\000a\000t\000i\000o\000n}{section.4.1}% 35
\BOOKMARK [1][-]{section.4.2}{\376\377\000B\000e\000a\000m\000\040\000P\000r\000o\000f\000i\000l\000e\000\040\000a\000t\000\040\000T\000a\000r\000g\000e\000t}{chapter.4}% 36
\BOOKMARK [2][-]{subsection.4.2.1}{\376\377\000B\000D\000C\000\040\000C\000a\000l\000i\000b\000r\000a\000t\000i\000o\000n}{section.4.2}% 37
\BOOKMARK [2][-]{subsection.4.2.2}{\376\377\000B\000e\000a\000m\000\040\000P\000r\000o\000f\000i\000l\000e\000\040\000a\000t\000\040\000T\000a\000r\000g\000e\000t}{section.4.2}% 38
\BOOKMARK [2][-]{subsection.4.2.3}{\376\377\000P\000o\000s\000i\000t\000i\000o\000n\000\040\000a\000n\000d\000\040\000A\000n\000g\000u\000l\000a\000r\000\040\000R\000e\000s\000o\000l\000u\000t\000i\000o\000n\000\040\000a\000t\000\040\000T\000a\000r\000g\000e\000t}{section.4.2}% 39
\BOOKMARK [1][-]{section.4.3}{\376\377\000C\000h\000a\000r\000g\000e\000d\000\040\000P\000a\000r\000t\000i\000c\000l\000e\000\040\000I\000d\000e\000n\000t\000i\000f\000i\000c\000a\000t\000i\000o\000n}{chapter.4}% 40
\BOOKMARK [2][-]{subsection.4.3.1}{\376\377\000F\000D\000C\000\040\000C\000a\000l\000i\000b\000r\000a\000t\000i\000o\000n}{section.4.3}% 41
\BOOKMARK [2][-]{subsection.4.3.2}{\376\377\000M\000a\000g\000n\000e\000t\000i\000c\000\040\000R\000i\000g\000i\000d\000i\000t\000y}{section.4.3}% 42
\BOOKMARK [2][-]{subsection.4.3.3}{\376\377\000T\000i\000m\000e\000\040\000o\000f\000\040\000F\000l\000i\000g\000h\000t\000\040\000a\000n\000d\000\040\000E\000n\000e\000r\000g\000y\000\040\000L\000o\000s\000s}{section.4.3}% 43
\BOOKMARK [2][-]{subsection.4.3.4}{\376\377\000F\000r\000a\000g\000m\000e\000n\000t\000\040\000P\000a\000r\000t\000i\000c\000l\000e\000\040\000I\000d\000e\000n\000t\000i\000f\000i\000c\000a\000t\000i\000o\000n}{section.4.3}% 44
\BOOKMARK [1][-]{section.4.4}{\376\377\000A\000n\000a\000l\000y\000s\000i\000s\000\040\000o\000f\000\040\000N\000e\000u\000t\000r\000o\000n\000s}{chapter.4}% 45
\BOOKMARK [2][-]{subsection.4.4.1}{\376\377\000S\000e\000l\000e\000c\000t\000i\000o\000n\000\040\000o\000f\000\040\000R\000e\000a\000l\000\040\000N\000e\000u\000t\000r\000o\000n\000\040\000E\000v\000e\000n\000t\000s}{section.4.4}% 46
\BOOKMARK [2][-]{subsection.4.4.2}{\376\377\000C\000r\000o\000s\000s\000-\000t\000a\000l\000k\000\040\000R\000e\000j\000e\000c\000t\000i\000o\000n}{section.4.4}% 47
\BOOKMARK [2][-]{subsection.4.4.3}{\376\377\000C\000r\000o\000s\000s\000-\000t\000a\000l\000k\000\040\000R\000e\000s\000i\000d\000u\000a\000l\000\040\000R\000a\000t\000e}{section.4.4}% 48
\BOOKMARK [1][-]{section.4.5}{\376\377\000A\000c\000c\000e\000p\000t\000a\000n\000c\000e\000\040\000a\000n\000d\000\040\000E\000f\000f\000i\000c\000i\000e\000n\000c\000y\000\040\000C\000o\000r\000r\000e\000c\000t\000i\000o\000n}{chapter.4}% 49
\BOOKMARK [1][-]{section.4.6}{\376\377\000R\000e\000l\000a\000t\000i\000v\000e\000\040\000E\000n\000e\000r\000g\000y\000\040\000S\000p\000e\000c\000t\000r\000u\000m}{chapter.4}% 50
\BOOKMARK [0][-]{chapter.5}{\376\377\000R\000e\000s\000u\000l\000t\000\040\000a\000n\000d\000\040\000D\000i\000s\000c\000u\000s\000s\000i\000o\000n}{}% 51
\BOOKMARK [1][-]{section.5.1}{\376\377\000I\000n\000c\000l\000u\000s\000i\000v\000e\000\040\000C\000r\000o\000s\000s\000\040\000S\000e\000c\000t\000i\000o\000n}{chapter.5}% 52
\BOOKMARK [1][-]{section.5.2}{\376\377\000C\000o\000u\000l\000o\000m\000b\000\040\000D\000i\000s\000s\000o\000c\000i\000a\000t\000i\000o\000n\000\040\000C\000r\000o\000s\000s\000\040\000S\000e\000c\000t\000i\000o\000n}{chapter.5}% 53
\BOOKMARK [1][-]{section.5.3}{\376\377\000R\000e\000d\000u\000c\000e\000d\000\040\000E\0001\000\040\000T\000r\000a\000n\000s\000i\000t\000i\000o\000n\000\040\000P\000r\000o\000b\000a\000b\000i\000l\000i\000t\000y}{chapter.5}% 54
\BOOKMARK [1][-]{section.5.4}{\376\377\000D\000i\000n\000e\000u\000t\000r\000o\000n\000\040\000C\000o\000r\000r\000e\000l\000a\000t\000i\000o\000n}{chapter.5}% 55
\BOOKMARK [0][-]{chapter.6}{\376\377\000C\000o\000n\000c\000l\000u\000s\000i\000o\000n}{}% 56
\BOOKMARK [0][-]{appendix.A}{\376\377\000E\000n\000e\000r\000g\000y\000\040\000L\000o\000s\000s\000\040\000C\000a\000l\000c\000u\000l\000a\000t\000i\000o\000n}{}% 57
\BOOKMARK [1][-]{section.A.1}{\376\377\000M\000a\000t\000e\000r\000i\000a\000l\000\040\000B\000e\000t\000w\000e\000e\000n\000\040\000F\0007\000\040\000t\000o\000\040\000T\000a\000r\000g\000e\000t}{appendix.A}% 58
\BOOKMARK [1][-]{section.A.2}{\376\377\000E\000n\000e\000r\000g\000y\000\040\000L\000o\000s\000s\000\040\000C\000a\000l\000c\000u\000l\000a\000t\000i\000o\000n\000\040\000f\000o\000r\000\040\000S\000e\000c\000o\000n\000d\000a\000r\000y\000\040\000B\000e\000a\000m\000\040\000P\000a\000r\000t\000i\000c\000l\000e}{appendix.A}% 59
\BOOKMARK [1][-]{section.A.3}{\376\377\000M\000o\000m\000e\000n\000t\000u\000m\000\040\000P\000u\000s\000h\000-\000b\000a\000c\000k\000\040\000C\000a\000l\000c\000u\000l\000a\000t\000i\000o\000n\000\040\000f\000o\000r\000\040\000C\000h\000a\000r\000g\000e\000d\000\040\000F\000r\000a\000g\000m\000e\000n\000t\000\040\000P\000a\000r\000t\000i\000c\000l\000e}{appendix.A}% 60
\BOOKMARK [0][-]{appendix.B}{\376\377\000I\000n\000t\000r\000i\000n\000s\000i\000c\000\040\000R\000e\000s\000o\000l\000u\000t\000i\000o\000n\000\040\000o\000f\000\040\000D\000r\000i\000f\000t\000\040\000C\000h\000a\000m\000b\000e\000r\000s}{}% 61
\BOOKMARK [1][-]{section.B.1}{\376\377\000O\000n\000e\000-\000d\000i\000m\000e\000n\000s\000i\000o\000n\000a\000l\000\040\000T\000r\000a\000c\000k\000i\000n\000g}{appendix.B}% 62
\BOOKMARK [1][-]{section.B.2}{\376\377\000E\000r\000r\000o\000r\000\040\000P\000r\000o\000p\000a\000g\000a\000t\000i\000o\000n}{appendix.B}% 63
\BOOKMARK [1][-]{section.B.3}{\376\377\000R\000e\000s\000o\000l\000u\000t\000i\000o\000n\000\040\000a\000n\000d\000\040\000R\000e\000s\000i\000d\000u\000a\000l\000\040\000D\000i\000s\000t\000r\000i\000b\000u\000t\000i\000o\000n}{appendix.B}% 64
\BOOKMARK [1][-]{section.B.4}{\376\377\000R\000e\000s\000o\000l\000u\000t\000i\000o\000n\000\040\000E\000v\000a\000l\000u\000a\000t\000i\000o\000n\000\040\000f\000r\000o\000m\000\040\000O\000n\000e\000-\000d\000i\000m\000e\000n\000s\000i\000o\000n\000a\000l\000\040\000T\000r\000a\000c\000k\000i\000n\000g}{appendix.B}% 65
\BOOKMARK [2][-]{subsection.B.4.1}{\376\377\000X\000\040\000a\000n\000d\000\040\000Y\000\040\000p\000l\000a\000n\000e\000\040\000o\000f\000\040\000B\000D\000C\000s}{section.B.4}% 66
\BOOKMARK [2][-]{subsection.B.4.2}{\376\377\000X\000\040\000p\000l\000a\000n\000e\000\040\000o\000f\000\040\000F\000D\000C\000s}{section.B.4}% 67
\BOOKMARK [1][-]{section.B.5}{\376\377\000X\000-\000U\000-\000V\000\040\000p\000l\000a\000n\000e\000\040\000T\000r\000a\000c\000k\000i\000n\000g}{appendix.B}% 68
\BOOKMARK [1][-]{section.B.6}{\376\377\000R\000e\000s\000o\000l\000u\000t\000i\000o\000n\000\040\000E\000v\000a\000l\000u\000a\000t\000i\000o\000n\000\040\000f\000r\000o\000m\000\040\000X\000-\000U\000-\000V\000\040\000p\000l\000a\000n\000e\000\040\000T\000r\000a\000c\000k\000i\000n\000g}{appendix.B}% 69
\BOOKMARK [2][-]{subsection.B.6.1}{\376\377\000F\000D\000C\000s}{section.B.6}% 70
\BOOKMARK [0][-]{appendix*.102}{\376\377\000B\000i\000b\000l\000i\000o\000g\000r\000a\000p\000h\000y}{}% 71
